<?xml version="1.0" encoding="UTF-8"?><testsuite errors="0" failures="0" name="com.lc.df.studentapp.studentinfo.StudentCURDTest" skipped="0" tests="4" time="25.41" timestamp="2020-05-141 02:15:51"><testcase classname="com.lc.df.studentapp.studentinfo.StudentCURDTest" name="This test creates new student record"/><testcase classname="com.lc.df.studentapp.studentinfo.StudentCURDTest" name="This test get all the student list"/><testcase classname="com.lc.df.studentapp.studentinfo.StudentCURDTest" name="Update user information and verify updated information"/><testcase classname="com.lc.df.studentapp.studentinfo.StudentCURDTest" name="Delete the student and verify if the student is deleted"/></testsuite>